ERROR - 2022-06-13 10:15:14 --> Cannot add or update a child row: a foreign key constraint fails (`ci4_short`.`short`, CONSTRAINT `short_ibfk_1` FOREIGN KEY (`user_id`) REFERENCES `users` (`id`) ON DELETE CASCADE ON UPDATE CASCADE)
CRITICAL - 2022-06-13 10:15:14 --> Cannot add or update a child row: a foreign key constraint fails (`ci4_short`.`short`, CONSTRAINT `short_ibfk_1` FOREIGN KEY (`user_id`) REFERENCES `users` (`id`) ON DELETE CASCADE ON UPDATE CASCADE)
#0 C:\laragon\www\ci4-short\system\Database\MySQLi\Connection.php(292): mysqli->query('INSERT INTO `sh...', 0)
#1 C:\laragon\www\ci4-short\system\Database\BaseConnection.php(670): CodeIgniter\Database\MySQLi\Connection->execute('INSERT INTO `sh...')
#2 C:\laragon\www\ci4-short\system\Database\BaseConnection.php(598): CodeIgniter\Database\BaseConnection->simpleQuery('INSERT INTO `sh...')
#3 C:\laragon\www\ci4-short\system\Database\BaseBuilder.php(1771): CodeIgniter\Database\BaseConnection->query('INSERT INTO `sh...', Array, false)
#4 C:\laragon\www\ci4-short\system\Model.php(239): CodeIgniter\Database\BaseBuilder->insert()
#5 C:\laragon\www\ci4-short\system\BaseModel.php(738): CodeIgniter\Model->doInsert(Array)
#6 C:\laragon\www\ci4-short\system\Model.php(625): CodeIgniter\BaseModel->insert(Array, false)
#7 C:\laragon\www\ci4-short\system\BaseModel.php(658): CodeIgniter\Model->insert(Array, false)
#8 C:\laragon\www\ci4-short\app\Controllers\Short.php(52): CodeIgniter\BaseModel->save(Array)
#9 C:\laragon\www\ci4-short\system\CodeIgniter.php(832): App\Controllers\Short->shortedLink()
#10 C:\laragon\www\ci4-short\system\CodeIgniter.php(419): CodeIgniter\CodeIgniter->runController(Object(App\Controllers\Short))
#11 C:\laragon\www\ci4-short\system\CodeIgniter.php(326): CodeIgniter\CodeIgniter->handleRequest(NULL, Object(Config\Cache), false)
#12 C:\laragon\www\ci4-short\public\index.php(37): CodeIgniter\CodeIgniter->run()
#13 C:\laragon\www\ci4-short\system\Commands\Server\rewrite.php(43): require_once('C:\\laragon\\www\\...')
#14 {main}
ERROR - 2022-06-13 10:22:34 --> Cannot add or update a child row: a foreign key constraint fails (`ci4_short`.`short`, CONSTRAINT `short_ibfk_1` FOREIGN KEY (`user_id`) REFERENCES `users` (`id`) ON DELETE CASCADE ON UPDATE CASCADE)
CRITICAL - 2022-06-13 10:22:34 --> Cannot add or update a child row: a foreign key constraint fails (`ci4_short`.`short`, CONSTRAINT `short_ibfk_1` FOREIGN KEY (`user_id`) REFERENCES `users` (`id`) ON DELETE CASCADE ON UPDATE CASCADE)
#0 C:\laragon\www\ci4-short\system\Database\MySQLi\Connection.php(292): mysqli->query('INSERT INTO `sh...', 0)
#1 C:\laragon\www\ci4-short\system\Database\BaseConnection.php(670): CodeIgniter\Database\MySQLi\Connection->execute('INSERT INTO `sh...')
#2 C:\laragon\www\ci4-short\system\Database\BaseConnection.php(598): CodeIgniter\Database\BaseConnection->simpleQuery('INSERT INTO `sh...')
#3 C:\laragon\www\ci4-short\system\Database\BaseBuilder.php(1771): CodeIgniter\Database\BaseConnection->query('INSERT INTO `sh...', Array, false)
#4 C:\laragon\www\ci4-short\system\Model.php(239): CodeIgniter\Database\BaseBuilder->insert()
#5 C:\laragon\www\ci4-short\system\BaseModel.php(738): CodeIgniter\Model->doInsert(Array)
#6 C:\laragon\www\ci4-short\system\Model.php(625): CodeIgniter\BaseModel->insert(Array, false)
#7 C:\laragon\www\ci4-short\system\BaseModel.php(658): CodeIgniter\Model->insert(Array, false)
#8 C:\laragon\www\ci4-short\app\Controllers\Short.php(52): CodeIgniter\BaseModel->save(Array)
#9 C:\laragon\www\ci4-short\system\CodeIgniter.php(832): App\Controllers\Short->shortedLink()
#10 C:\laragon\www\ci4-short\system\CodeIgniter.php(419): CodeIgniter\CodeIgniter->runController(Object(App\Controllers\Short))
#11 C:\laragon\www\ci4-short\system\CodeIgniter.php(326): CodeIgniter\CodeIgniter->handleRequest(NULL, Object(Config\Cache), false)
#12 C:\laragon\www\ci4-short\public\index.php(37): CodeIgniter\CodeIgniter->run()
#13 C:\laragon\www\ci4-short\system\Commands\Server\rewrite.php(43): require_once('C:\\laragon\\www\\...')
#14 {main}
ERROR - 2022-06-13 10:23:28 --> Cannot add or update a child row: a foreign key constraint fails (`ci4_short`.`short`, CONSTRAINT `short_ibfk_1` FOREIGN KEY (`user_id`) REFERENCES `users` (`id`) ON DELETE CASCADE ON UPDATE CASCADE)
CRITICAL - 2022-06-13 10:23:28 --> Cannot add or update a child row: a foreign key constraint fails (`ci4_short`.`short`, CONSTRAINT `short_ibfk_1` FOREIGN KEY (`user_id`) REFERENCES `users` (`id`) ON DELETE CASCADE ON UPDATE CASCADE)
#0 C:\laragon\www\ci4-short\system\Database\MySQLi\Connection.php(292): mysqli->query('INSERT INTO `sh...', 0)
#1 C:\laragon\www\ci4-short\system\Database\BaseConnection.php(670): CodeIgniter\Database\MySQLi\Connection->execute('INSERT INTO `sh...')
#2 C:\laragon\www\ci4-short\system\Database\BaseConnection.php(598): CodeIgniter\Database\BaseConnection->simpleQuery('INSERT INTO `sh...')
#3 C:\laragon\www\ci4-short\system\Database\BaseBuilder.php(1771): CodeIgniter\Database\BaseConnection->query('INSERT INTO `sh...', Array, false)
#4 C:\laragon\www\ci4-short\system\Model.php(239): CodeIgniter\Database\BaseBuilder->insert()
#5 C:\laragon\www\ci4-short\system\BaseModel.php(738): CodeIgniter\Model->doInsert(Array)
#6 C:\laragon\www\ci4-short\system\Model.php(625): CodeIgniter\BaseModel->insert(Array, false)
#7 C:\laragon\www\ci4-short\system\BaseModel.php(658): CodeIgniter\Model->insert(Array, false)
#8 C:\laragon\www\ci4-short\app\Controllers\Short.php(52): CodeIgniter\BaseModel->save(Array)
#9 C:\laragon\www\ci4-short\system\CodeIgniter.php(832): App\Controllers\Short->shortedLink()
#10 C:\laragon\www\ci4-short\system\CodeIgniter.php(419): CodeIgniter\CodeIgniter->runController(Object(App\Controllers\Short))
#11 C:\laragon\www\ci4-short\system\CodeIgniter.php(326): CodeIgniter\CodeIgniter->handleRequest(NULL, Object(Config\Cache), false)
#12 C:\laragon\www\ci4-short\public\index.php(37): CodeIgniter\CodeIgniter->run()
#13 C:\laragon\www\ci4-short\system\Commands\Server\rewrite.php(43): require_once('C:\\laragon\\www\\...')
#14 {main}
