CRITICAL - 2022-05-06 19:30:26 --> Invalid file: searchCounter.php
#0 C:\laragon\www\ci4-short\system\View\View.php(198): CodeIgniter\Exceptions\FrameworkException::forInvalidFile('searchCounter.p...')
#1 C:\laragon\www\ci4-short\system\Common.php(1089): CodeIgniter\View\View->render('searchCounter', Array, true)
#2 C:\laragon\www\ci4-short\app\Controllers\Short.php(14): view('searchCounter', Array)
#3 C:\laragon\www\ci4-short\system\CodeIgniter.php(832): App\Controllers\Short->index()
#4 C:\laragon\www\ci4-short\system\CodeIgniter.php(419): CodeIgniter\CodeIgniter->runController(Object(App\Controllers\Short))
#5 C:\laragon\www\ci4-short\system\CodeIgniter.php(326): CodeIgniter\CodeIgniter->handleRequest(NULL, Object(Config\Cache), false)
#6 C:\laragon\www\ci4-short\public\index.php(37): CodeIgniter\CodeIgniter->run()
#7 C:\laragon\www\ci4-short\system\Commands\Server\rewrite.php(43): require_once('C:\\laragon\\www\\...')
#8 {main}
CRITICAL - 2022-05-06 19:30:31 --> Invalid file: searchCounter.php
#0 C:\laragon\www\ci4-short\system\View\View.php(198): CodeIgniter\Exceptions\FrameworkException::forInvalidFile('searchCounter.p...')
#1 C:\laragon\www\ci4-short\system\Common.php(1089): CodeIgniter\View\View->render('searchCounter', Array, true)
#2 C:\laragon\www\ci4-short\app\Controllers\Short.php(14): view('searchCounter', Array)
#3 C:\laragon\www\ci4-short\system\CodeIgniter.php(832): App\Controllers\Short->index()
#4 C:\laragon\www\ci4-short\system\CodeIgniter.php(419): CodeIgniter\CodeIgniter->runController(Object(App\Controllers\Short))
#5 C:\laragon\www\ci4-short\system\CodeIgniter.php(326): CodeIgniter\CodeIgniter->handleRequest(NULL, Object(Config\Cache), false)
#6 C:\laragon\www\ci4-short\public\index.php(37): CodeIgniter\CodeIgniter->run()
#7 C:\laragon\www\ci4-short\system\Commands\Server\rewrite.php(43): require_once('C:\\laragon\\www\\...')
#8 {main}
CRITICAL - 2022-05-06 19:30:57 --> Invalid file: ../template/base.php
#0 C:\laragon\www\ci4-short\system\View\View.php(198): CodeIgniter\Exceptions\FrameworkException::forInvalidFile('../template/bas...')
#1 C:\laragon\www\ci4-short\system\View\View.php(226): CodeIgniter\View\View->render('../template/bas...', Array, true)
#2 C:\laragon\www\ci4-short\system\Common.php(1089): CodeIgniter\View\View->render('main/searchCoun...', Array, true)
#3 C:\laragon\www\ci4-short\app\Controllers\Short.php(14): view('main/searchCoun...', Array)
#4 C:\laragon\www\ci4-short\system\CodeIgniter.php(832): App\Controllers\Short->index()
#5 C:\laragon\www\ci4-short\system\CodeIgniter.php(419): CodeIgniter\CodeIgniter->runController(Object(App\Controllers\Short))
#6 C:\laragon\www\ci4-short\system\CodeIgniter.php(326): CodeIgniter\CodeIgniter->handleRequest(NULL, Object(Config\Cache), false)
#7 C:\laragon\www\ci4-short\public\index.php(37): CodeIgniter\CodeIgniter->run()
#8 C:\laragon\www\ci4-short\system\Commands\Server\rewrite.php(43): require_once('C:\\laragon\\www\\...')
#9 {main}
CRITICAL - 2022-05-06 19:31:33 --> Invalid file: ../template/base.php
#0 C:\laragon\www\ci4-short\system\View\View.php(198): CodeIgniter\Exceptions\FrameworkException::forInvalidFile('../template/bas...')
#1 C:\laragon\www\ci4-short\system\View\View.php(226): CodeIgniter\View\View->render('../template/bas...', Array, true)
#2 C:\laragon\www\ci4-short\system\Common.php(1089): CodeIgniter\View\View->render('main/searchCoun...', Array, true)
#3 C:\laragon\www\ci4-short\app\Controllers\Short.php(14): view('main/searchCoun...', Array)
#4 C:\laragon\www\ci4-short\system\CodeIgniter.php(832): App\Controllers\Short->index()
#5 C:\laragon\www\ci4-short\system\CodeIgniter.php(419): CodeIgniter\CodeIgniter->runController(Object(App\Controllers\Short))
#6 C:\laragon\www\ci4-short\system\CodeIgniter.php(326): CodeIgniter\CodeIgniter->handleRequest(NULL, Object(Config\Cache), false)
#7 C:\laragon\www\ci4-short\public\index.php(37): CodeIgniter\CodeIgniter->run()
#8 C:\laragon\www\ci4-short\system\Commands\Server\rewrite.php(43): require_once('C:\\laragon\\www\\...')
#9 {main}
CRITICAL - 2022-05-06 19:32:04 --> Invalid file: ../template/base.php
#0 C:\laragon\www\ci4-short\system\View\View.php(198): CodeIgniter\Exceptions\FrameworkException::forInvalidFile('../template/bas...')
#1 C:\laragon\www\ci4-short\system\View\View.php(226): CodeIgniter\View\View->render('../template/bas...', Array, true)
#2 C:\laragon\www\ci4-short\system\Common.php(1089): CodeIgniter\View\View->render('main/searchCoun...', Array, true)
#3 C:\laragon\www\ci4-short\app\Controllers\Short.php(14): view('main/searchCoun...', Array)
#4 C:\laragon\www\ci4-short\system\CodeIgniter.php(832): App\Controllers\Short->index()
#5 C:\laragon\www\ci4-short\system\CodeIgniter.php(419): CodeIgniter\CodeIgniter->runController(Object(App\Controllers\Short))
#6 C:\laragon\www\ci4-short\system\CodeIgniter.php(326): CodeIgniter\CodeIgniter->handleRequest(NULL, Object(Config\Cache), false)
#7 C:\laragon\www\ci4-short\public\index.php(37): CodeIgniter\CodeIgniter->run()
#8 C:\laragon\www\ci4-short\system\Commands\Server\rewrite.php(43): require_once('C:\\laragon\\www\\...')
#9 {main}
CRITICAL - 2022-05-06 19:32:20 --> Invalid file: /../template/base.php
#0 C:\laragon\www\ci4-short\system\View\View.php(198): CodeIgniter\Exceptions\FrameworkException::forInvalidFile('/../template/ba...')
#1 C:\laragon\www\ci4-short\system\View\View.php(226): CodeIgniter\View\View->render('/../template/ba...', Array, true)
#2 C:\laragon\www\ci4-short\system\Common.php(1089): CodeIgniter\View\View->render('main/searchCoun...', Array, true)
#3 C:\laragon\www\ci4-short\app\Controllers\Short.php(14): view('main/searchCoun...', Array)
#4 C:\laragon\www\ci4-short\system\CodeIgniter.php(832): App\Controllers\Short->index()
#5 C:\laragon\www\ci4-short\system\CodeIgniter.php(419): CodeIgniter\CodeIgniter->runController(Object(App\Controllers\Short))
#6 C:\laragon\www\ci4-short\system\CodeIgniter.php(326): CodeIgniter\CodeIgniter->handleRequest(NULL, Object(Config\Cache), false)
#7 C:\laragon\www\ci4-short\public\index.php(37): CodeIgniter\CodeIgniter->run()
#8 C:\laragon\www\ci4-short\system\Commands\Server\rewrite.php(43): require_once('C:\\laragon\\www\\...')
#9 {main}
CRITICAL - 2022-05-06 19:32:29 --> Invalid file: /.../template/base.php
#0 C:\laragon\www\ci4-short\system\View\View.php(198): CodeIgniter\Exceptions\FrameworkException::forInvalidFile('/.../template/b...')
#1 C:\laragon\www\ci4-short\system\View\View.php(226): CodeIgniter\View\View->render('/.../template/b...', Array, true)
#2 C:\laragon\www\ci4-short\system\Common.php(1089): CodeIgniter\View\View->render('main/searchCoun...', Array, true)
#3 C:\laragon\www\ci4-short\app\Controllers\Short.php(14): view('main/searchCoun...', Array)
#4 C:\laragon\www\ci4-short\system\CodeIgniter.php(832): App\Controllers\Short->index()
#5 C:\laragon\www\ci4-short\system\CodeIgniter.php(419): CodeIgniter\CodeIgniter->runController(Object(App\Controllers\Short))
#6 C:\laragon\www\ci4-short\system\CodeIgniter.php(326): CodeIgniter\CodeIgniter->handleRequest(NULL, Object(Config\Cache), false)
#7 C:\laragon\www\ci4-short\public\index.php(37): CodeIgniter\CodeIgniter->run()
#8 C:\laragon\www\ci4-short\system\Commands\Server\rewrite.php(43): require_once('C:\\laragon\\www\\...')
#9 {main}
CRITICAL - 2022-05-06 20:35:46 --> Undefined variable: url
#0 C:\laragon\www\ci4-short\app\Views\main\shortedUrl.php(16): CodeIgniter\Debug\Exceptions->errorHandler(8, 'Undefined varia...', 'C:\\laragon\\www\\...', 16, Array)
#1 C:\laragon\www\ci4-short\system\View\View.php(210): include('C:\\laragon\\www\\...')
#2 C:\laragon\www\ci4-short\system\View\View.php(213): CodeIgniter\View\View->CodeIgniter\View\{closure}()
#3 C:\laragon\www\ci4-short\system\Common.php(1089): CodeIgniter\View\View->render('main/shortedUrl', Array, true)
#4 C:\laragon\www\ci4-short\app\Controllers\Short.php(42): view('main/shortedUrl', Array)
#5 C:\laragon\www\ci4-short\system\CodeIgniter.php(832): App\Controllers\Short->make()
#6 C:\laragon\www\ci4-short\system\CodeIgniter.php(419): CodeIgniter\CodeIgniter->runController(Object(App\Controllers\Short))
#7 C:\laragon\www\ci4-short\system\CodeIgniter.php(326): CodeIgniter\CodeIgniter->handleRequest(NULL, Object(Config\Cache), false)
#8 C:\laragon\www\ci4-short\public\index.php(37): CodeIgniter\CodeIgniter->run()
#9 C:\laragon\www\ci4-short\system\Commands\Server\rewrite.php(43): require_once('C:\\laragon\\www\\...')
#10 {main}
CRITICAL - 2022-05-06 20:36:30 --> Undefined variable: short
#0 C:\laragon\www\ci4-short\app\Views\main\shortedUrl.php(16): CodeIgniter\Debug\Exceptions->errorHandler(8, 'Undefined varia...', 'C:\\laragon\\www\\...', 16, Array)
#1 C:\laragon\www\ci4-short\system\View\View.php(210): include('C:\\laragon\\www\\...')
#2 C:\laragon\www\ci4-short\system\View\View.php(213): CodeIgniter\View\View->CodeIgniter\View\{closure}()
#3 C:\laragon\www\ci4-short\system\Common.php(1089): CodeIgniter\View\View->render('main/shortedUrl', Array, true)
#4 C:\laragon\www\ci4-short\app\Controllers\Short.php(22): view('main/shortedUrl', Array)
#5 C:\laragon\www\ci4-short\system\CodeIgniter.php(832): App\Controllers\Short->shortedLink()
#6 C:\laragon\www\ci4-short\system\CodeIgniter.php(419): CodeIgniter\CodeIgniter->runController(Object(App\Controllers\Short))
#7 C:\laragon\www\ci4-short\system\CodeIgniter.php(326): CodeIgniter\CodeIgniter->handleRequest(NULL, Object(Config\Cache), false)
#8 C:\laragon\www\ci4-short\public\index.php(37): CodeIgniter\CodeIgniter->run()
#9 C:\laragon\www\ci4-short\system\Commands\Server\rewrite.php(43): require_once('C:\\laragon\\www\\...')
#10 {main}
