CRITICAL - 2022-05-05 11:46:15 --> Undefined property: App\Controllers\Register::$Request
#0 C:\laragon\www\ci4-short\app\Controllers\Register.php(33): CodeIgniter\Debug\Exceptions->errorHandler(8, 'Undefined prope...', 'C:\\laragon\\www\\...', 33, Array)
#1 C:\laragon\www\ci4-short\system\CodeIgniter.php(832): App\Controllers\Register->save()
#2 C:\laragon\www\ci4-short\system\CodeIgniter.php(419): CodeIgniter\CodeIgniter->runController(Object(App\Controllers\Register))
#3 C:\laragon\www\ci4-short\system\CodeIgniter.php(326): CodeIgniter\CodeIgniter->handleRequest(NULL, Object(Config\Cache), false)
#4 C:\laragon\www\ci4-short\public\index.php(37): CodeIgniter\CodeIgniter->run()
#5 C:\laragon\www\ci4-short\system\Commands\Server\rewrite.php(43): require_once('C:\\laragon\\www\\...')
#6 {main}
CRITICAL - 2022-05-05 11:56:18 --> Class 'Config\App\Filters\Auth' not found
#0 C:\laragon\www\ci4-short\system\CodeIgniter.php(393): CodeIgniter\Filters\Filters->run('dashboard', 'before')
#1 C:\laragon\www\ci4-short\system\CodeIgniter.php(326): CodeIgniter\CodeIgniter->handleRequest(NULL, Object(Config\Cache), false)
#2 C:\laragon\www\ci4-short\public\index.php(37): CodeIgniter\CodeIgniter->run()
#3 C:\laragon\www\ci4-short\system\Commands\Server\rewrite.php(43): require_once('C:\\laragon\\www\\...')
#4 {main}
CRITICAL - 2022-05-05 11:56:49 --> Class 'Config\App\Filters\Auth' not found
#0 C:\laragon\www\ci4-short\system\CodeIgniter.php(393): CodeIgniter\Filters\Filters->run('dashboard', 'before')
#1 C:\laragon\www\ci4-short\system\CodeIgniter.php(326): CodeIgniter\CodeIgniter->handleRequest(NULL, Object(Config\Cache), false)
#2 C:\laragon\www\ci4-short\public\index.php(37): CodeIgniter\CodeIgniter->run()
#3 C:\laragon\www\ci4-short\system\Commands\Server\rewrite.php(43): require_once('C:\\laragon\\www\\...')
#4 {main}
CRITICAL - 2022-05-05 11:56:56 --> Class 'Config\App\Filters\Auth' not found
#0 C:\laragon\www\ci4-short\system\CodeIgniter.php(393): CodeIgniter\Filters\Filters->run('dashboard', 'before')
#1 C:\laragon\www\ci4-short\system\CodeIgniter.php(326): CodeIgniter\CodeIgniter->handleRequest(NULL, Object(Config\Cache), false)
#2 C:\laragon\www\ci4-short\public\index.php(37): CodeIgniter\CodeIgniter->run()
#3 C:\laragon\www\ci4-short\system\Commands\Server\rewrite.php(43): require_once('C:\\laragon\\www\\...')
#4 {main}
CRITICAL - 2022-05-05 11:58:59 --> Class 'Config\CodeIgniter\App\Filters\Auth' not found
#0 C:\laragon\www\ci4-short\system\CodeIgniter.php(393): CodeIgniter\Filters\Filters->run('dashboard', 'before')
#1 C:\laragon\www\ci4-short\system\CodeIgniter.php(326): CodeIgniter\CodeIgniter->handleRequest(NULL, Object(Config\Cache), false)
#2 C:\laragon\www\ci4-short\public\index.php(37): CodeIgniter\CodeIgniter->run()
#3 C:\laragon\www\ci4-short\system\Commands\Server\rewrite.php(43): require_once('C:\\laragon\\www\\...')
#4 {main}
CRITICAL - 2022-05-05 11:59:28 --> Class 'CodeIgniter\App\Filters\Auth' not found
#0 C:\laragon\www\ci4-short\system\CodeIgniter.php(393): CodeIgniter\Filters\Filters->run('dashboard', 'before')
#1 C:\laragon\www\ci4-short\system\CodeIgniter.php(326): CodeIgniter\CodeIgniter->handleRequest(NULL, Object(Config\Cache), false)
#2 C:\laragon\www\ci4-short\public\index.php(37): CodeIgniter\CodeIgniter->run()
#3 C:\laragon\www\ci4-short\system\Commands\Server\rewrite.php(43): require_once('C:\\laragon\\www\\...')
#4 {main}
CRITICAL - 2022-05-05 12:05:37 --> Class 'CodeIgniter\Filters\Auth' not found
#0 C:\laragon\www\ci4-short\system\CodeIgniter.php(393): CodeIgniter\Filters\Filters->run('dashboard', 'before')
#1 C:\laragon\www\ci4-short\system\CodeIgniter.php(326): CodeIgniter\CodeIgniter->handleRequest(NULL, Object(Config\Cache), false)
#2 C:\laragon\www\ci4-short\public\index.php(37): CodeIgniter\CodeIgniter->run()
#3 C:\laragon\www\ci4-short\system\Commands\Server\rewrite.php(43): require_once('C:\\laragon\\www\\...')
#4 {main}
CRITICAL - 2022-05-05 12:05:51 --> Class 'Config\Auth' not found
#0 C:\laragon\www\ci4-short\system\CodeIgniter.php(393): CodeIgniter\Filters\Filters->run('dashboard', 'before')
#1 C:\laragon\www\ci4-short\system\CodeIgniter.php(326): CodeIgniter\CodeIgniter->handleRequest(NULL, Object(Config\Cache), false)
#2 C:\laragon\www\ci4-short\public\index.php(37): CodeIgniter\CodeIgniter->run()
#3 C:\laragon\www\ci4-short\system\Commands\Server\rewrite.php(43): require_once('C:\\laragon\\www\\...')
#4 {main}
