ERROR - 2022-05-07 11:28:39 --> Error connecting to the database: No connection could be made because the target machine actively refused it.

CRITICAL - 2022-05-07 11:28:39 --> Unable to connect to the database.
Main connection [MySQLi]: No connection could be made because the target machine actively refused it.

#0 C:\laragon\www\ci4-short\system\Database\BaseConnection.php(577): CodeIgniter\Database\BaseConnection->initialize()
#1 C:\laragon\www\ci4-short\system\Database\BaseBuilder.php(1455): CodeIgniter\Database\BaseConnection->query('SELECT *\nFROM `...', Array, false)
#2 C:\laragon\www\ci4-short\system\Model.php(210): CodeIgniter\Database\BaseBuilder->get()
#3 C:\laragon\www\ci4-short\system\BaseModel.php(622): CodeIgniter\Model->doFirst()
#4 C:\laragon\www\ci4-short\app\Controllers\Short.php(38): CodeIgniter\BaseModel->first()
#5 C:\laragon\www\ci4-short\system\CodeIgniter.php(832): App\Controllers\Short->shortedLink()
#6 C:\laragon\www\ci4-short\system\CodeIgniter.php(419): CodeIgniter\CodeIgniter->runController(Object(App\Controllers\Short))
#7 C:\laragon\www\ci4-short\system\CodeIgniter.php(326): CodeIgniter\CodeIgniter->handleRequest(NULL, Object(Config\Cache), false)
#8 C:\laragon\www\ci4-short\public\index.php(37): CodeIgniter\CodeIgniter->run()
#9 C:\laragon\www\ci4-short\system\Commands\Server\rewrite.php(43): require_once('C:\\laragon\\www\\...')
#10 {main}
CRITICAL - 2022-05-07 12:41:28 --> Use of undefined constant Y - assumed 'Y' (this will throw an Error in a future version of PHP)
#0 C:\laragon\www\ci4-short\app\Views\template\base.php(21): CodeIgniter\Debug\Exceptions->errorHandler(2, 'Use of undefine...', 'C:\\laragon\\www\\...', 21, Array)
#1 C:\laragon\www\ci4-short\system\View\View.php(210): include('C:\\laragon\\www\\...')
#2 C:\laragon\www\ci4-short\system\View\View.php(213): CodeIgniter\View\View->CodeIgniter\View\{closure}()
#3 C:\laragon\www\ci4-short\system\View\View.php(226): CodeIgniter\View\View->render('template/base', Array, true)
#4 C:\laragon\www\ci4-short\system\Common.php(1089): CodeIgniter\View\View->render('main/home', Array, true)
#5 C:\laragon\www\ci4-short\app\Controllers\Short.php(15): view('main/home', Array)
#6 C:\laragon\www\ci4-short\system\CodeIgniter.php(832): App\Controllers\Short->index()
#7 C:\laragon\www\ci4-short\system\CodeIgniter.php(419): CodeIgniter\CodeIgniter->runController(Object(App\Controllers\Short))
#8 C:\laragon\www\ci4-short\system\CodeIgniter.php(326): CodeIgniter\CodeIgniter->handleRequest(NULL, Object(Config\Cache), false)
#9 C:\laragon\www\ci4-short\public\index.php(37): CodeIgniter\CodeIgniter->run()
#10 C:\laragon\www\ci4-short\system\Commands\Server\rewrite.php(43): require_once('C:\\laragon\\www\\...')
#11 {main}
CRITICAL - 2022-05-07 13:40:46 --> Undefined variable: title
#0 C:\laragon\www\ci4-short\app\Views\template\base.php(11): CodeIgniter\Debug\Exceptions->errorHandler(8, 'Undefined varia...', 'C:\\laragon\\www\\...', 11, Array)
#1 C:\laragon\www\ci4-short\system\View\View.php(210): include('C:\\laragon\\www\\...')
#2 C:\laragon\www\ci4-short\system\View\View.php(213): CodeIgniter\View\View->CodeIgniter\View\{closure}()
#3 C:\laragon\www\ci4-short\system\View\View.php(226): CodeIgniter\View\View->render('template/base', Array, true)
#4 C:\laragon\www\ci4-short\system\Common.php(1089): CodeIgniter\View\View->render('login', Array, true)
#5 C:\laragon\www\ci4-short\app\Controllers\User.php(22): view('login')
#6 C:\laragon\www\ci4-short\system\CodeIgniter.php(832): App\Controllers\User->login()
#7 C:\laragon\www\ci4-short\system\CodeIgniter.php(419): CodeIgniter\CodeIgniter->runController(Object(App\Controllers\User))
#8 C:\laragon\www\ci4-short\system\CodeIgniter.php(326): CodeIgniter\CodeIgniter->handleRequest(NULL, Object(Config\Cache), false)
#9 C:\laragon\www\ci4-short\public\index.php(37): CodeIgniter\CodeIgniter->run()
#10 C:\laragon\www\ci4-short\system\Commands\Server\rewrite.php(43): require_once('C:\\laragon\\www\\...')
#11 {main}
CRITICAL - 2022-05-07 13:56:42 --> Undefined variable: title
#0 C:\laragon\www\ci4-short\app\Views\template\base.php(11): CodeIgniter\Debug\Exceptions->errorHandler(8, 'Undefined varia...', 'C:\\laragon\\www\\...', 11, Array)
#1 C:\laragon\www\ci4-short\system\View\View.php(210): include('C:\\laragon\\www\\...')
#2 C:\laragon\www\ci4-short\system\View\View.php(213): CodeIgniter\View\View->CodeIgniter\View\{closure}()
#3 C:\laragon\www\ci4-short\system\View\View.php(226): CodeIgniter\View\View->render('template/base', Array, true)
#4 C:\laragon\www\ci4-short\system\Common.php(1089): CodeIgniter\View\View->render('dashboard', Array, true)
#5 C:\laragon\www\ci4-short\app\Controllers\Dashboard.php(10): view('dashboard')
#6 C:\laragon\www\ci4-short\system\CodeIgniter.php(832): App\Controllers\Dashboard->index()
#7 C:\laragon\www\ci4-short\system\CodeIgniter.php(419): CodeIgniter\CodeIgniter->runController(Object(App\Controllers\Dashboard))
#8 C:\laragon\www\ci4-short\system\CodeIgniter.php(326): CodeIgniter\CodeIgniter->handleRequest(NULL, Object(Config\Cache), false)
#9 C:\laragon\www\ci4-short\public\index.php(37): CodeIgniter\CodeIgniter->run()
#10 C:\laragon\www\ci4-short\system\Commands\Server\rewrite.php(43): require_once('C:\\laragon\\www\\...')
#11 {main}
CRITICAL - 2022-05-07 13:57:01 --> Undefined variable: title
#0 C:\laragon\www\ci4-short\app\Views\template\base.php(11): CodeIgniter\Debug\Exceptions->errorHandler(8, 'Undefined varia...', 'C:\\laragon\\www\\...', 11, Array)
#1 C:\laragon\www\ci4-short\system\View\View.php(210): include('C:\\laragon\\www\\...')
#2 C:\laragon\www\ci4-short\system\View\View.php(213): CodeIgniter\View\View->CodeIgniter\View\{closure}()
#3 C:\laragon\www\ci4-short\system\View\View.php(226): CodeIgniter\View\View->render('template/base', Array, true)
#4 C:\laragon\www\ci4-short\system\Common.php(1089): CodeIgniter\View\View->render('dashboard', Array, true)
#5 C:\laragon\www\ci4-short\app\Controllers\Dashboard.php(12): view('dashboard')
#6 C:\laragon\www\ci4-short\system\CodeIgniter.php(832): App\Controllers\Dashboard->index()
#7 C:\laragon\www\ci4-short\system\CodeIgniter.php(419): CodeIgniter\CodeIgniter->runController(Object(App\Controllers\Dashboard))
#8 C:\laragon\www\ci4-short\system\CodeIgniter.php(326): CodeIgniter\CodeIgniter->handleRequest(NULL, Object(Config\Cache), false)
#9 C:\laragon\www\ci4-short\public\index.php(37): CodeIgniter\CodeIgniter->run()
#10 C:\laragon\www\ci4-short\system\Commands\Server\rewrite.php(43): require_once('C:\\laragon\\www\\...')
#11 {main}
CRITICAL - 2022-05-07 13:57:04 --> Undefined variable: title
#0 C:\laragon\www\ci4-short\app\Views\template\base.php(11): CodeIgniter\Debug\Exceptions->errorHandler(8, 'Undefined varia...', 'C:\\laragon\\www\\...', 11, Array)
#1 C:\laragon\www\ci4-short\system\View\View.php(210): include('C:\\laragon\\www\\...')
#2 C:\laragon\www\ci4-short\system\View\View.php(213): CodeIgniter\View\View->CodeIgniter\View\{closure}()
#3 C:\laragon\www\ci4-short\system\View\View.php(226): CodeIgniter\View\View->render('template/base', Array, true)
#4 C:\laragon\www\ci4-short\system\Common.php(1089): CodeIgniter\View\View->render('dashboard', Array, true)
#5 C:\laragon\www\ci4-short\app\Controllers\Dashboard.php(12): view('dashboard')
#6 C:\laragon\www\ci4-short\system\CodeIgniter.php(832): App\Controllers\Dashboard->index()
#7 C:\laragon\www\ci4-short\system\CodeIgniter.php(419): CodeIgniter\CodeIgniter->runController(Object(App\Controllers\Dashboard))
#8 C:\laragon\www\ci4-short\system\CodeIgniter.php(326): CodeIgniter\CodeIgniter->handleRequest(NULL, Object(Config\Cache), false)
#9 C:\laragon\www\ci4-short\public\index.php(37): CodeIgniter\CodeIgniter->run()
#10 C:\laragon\www\ci4-short\system\Commands\Server\rewrite.php(43): require_once('C:\\laragon\\www\\...')
#11 {main}
CRITICAL - 2022-05-07 14:12:33 --> Undefined variable: sh
#0 C:\laragon\www\ci4-short\app\Views\dashboard.php(29): CodeIgniter\Debug\Exceptions->errorHandler(8, 'Undefined varia...', 'C:\\laragon\\www\\...', 29, Array)
#1 C:\laragon\www\ci4-short\system\View\View.php(210): include('C:\\laragon\\www\\...')
#2 C:\laragon\www\ci4-short\system\View\View.php(213): CodeIgniter\View\View->CodeIgniter\View\{closure}()
#3 C:\laragon\www\ci4-short\system\Common.php(1089): CodeIgniter\View\View->render('dashboard', Array, true)
#4 C:\laragon\www\ci4-short\app\Controllers\Dashboard.php(20): view('dashboard', Array)
#5 C:\laragon\www\ci4-short\system\CodeIgniter.php(832): App\Controllers\Dashboard->index()
#6 C:\laragon\www\ci4-short\system\CodeIgniter.php(419): CodeIgniter\CodeIgniter->runController(Object(App\Controllers\Dashboard))
#7 C:\laragon\www\ci4-short\system\CodeIgniter.php(326): CodeIgniter\CodeIgniter->handleRequest(NULL, Object(Config\Cache), false)
#8 C:\laragon\www\ci4-short\public\index.php(37): CodeIgniter\CodeIgniter->run()
#9 C:\laragon\www\ci4-short\system\Commands\Server\rewrite.php(43): require_once('C:\\laragon\\www\\...')
#10 {main}
CRITICAL - 2022-05-07 14:13:33 --> Undefined variable: sh
#0 C:\laragon\www\ci4-short\app\Views\dashboard.php(29): CodeIgniter\Debug\Exceptions->errorHandler(8, 'Undefined varia...', 'C:\\laragon\\www\\...', 29, Array)
#1 C:\laragon\www\ci4-short\system\View\View.php(210): include('C:\\laragon\\www\\...')
#2 C:\laragon\www\ci4-short\system\View\View.php(213): CodeIgniter\View\View->CodeIgniter\View\{closure}()
#3 C:\laragon\www\ci4-short\system\Common.php(1089): CodeIgniter\View\View->render('dashboard', Array, true)
#4 C:\laragon\www\ci4-short\app\Controllers\Dashboard.php(20): view('dashboard', Array)
#5 C:\laragon\www\ci4-short\system\CodeIgniter.php(832): App\Controllers\Dashboard->index()
#6 C:\laragon\www\ci4-short\system\CodeIgniter.php(419): CodeIgniter\CodeIgniter->runController(Object(App\Controllers\Dashboard))
#7 C:\laragon\www\ci4-short\system\CodeIgniter.php(326): CodeIgniter\CodeIgniter->handleRequest(NULL, Object(Config\Cache), false)
#8 C:\laragon\www\ci4-short\public\index.php(37): CodeIgniter\CodeIgniter->run()
#9 C:\laragon\www\ci4-short\system\Commands\Server\rewrite.php(43): require_once('C:\\laragon\\www\\...')
#10 {main}
CRITICAL - 2022-05-07 14:16:33 --> Undefined variable: sh
#0 C:\laragon\www\ci4-short\app\Views\dashboard.php(29): CodeIgniter\Debug\Exceptions->errorHandler(8, 'Undefined varia...', 'C:\\laragon\\www\\...', 29, Array)
#1 C:\laragon\www\ci4-short\system\View\View.php(210): include('C:\\laragon\\www\\...')
#2 C:\laragon\www\ci4-short\system\View\View.php(213): CodeIgniter\View\View->CodeIgniter\View\{closure}()
#3 C:\laragon\www\ci4-short\system\Common.php(1089): CodeIgniter\View\View->render('dashboard', Array, true)
#4 C:\laragon\www\ci4-short\app\Controllers\Dashboard.php(20): view('dashboard', Array)
#5 C:\laragon\www\ci4-short\system\CodeIgniter.php(832): App\Controllers\Dashboard->index()
#6 C:\laragon\www\ci4-short\system\CodeIgniter.php(419): CodeIgniter\CodeIgniter->runController(Object(App\Controllers\Dashboard))
#7 C:\laragon\www\ci4-short\system\CodeIgniter.php(326): CodeIgniter\CodeIgniter->handleRequest(NULL, Object(Config\Cache), false)
#8 C:\laragon\www\ci4-short\public\index.php(37): CodeIgniter\CodeIgniter->run()
#9 C:\laragon\www\ci4-short\system\Commands\Server\rewrite.php(43): require_once('C:\\laragon\\www\\...')
#10 {main}
CRITICAL - 2022-05-07 14:17:15 --> Undefined variable: sh
#0 C:\laragon\www\ci4-short\app\Views\dashboard.php(29): CodeIgniter\Debug\Exceptions->errorHandler(8, 'Undefined varia...', 'C:\\laragon\\www\\...', 29, Array)
#1 C:\laragon\www\ci4-short\system\View\View.php(210): include('C:\\laragon\\www\\...')
#2 C:\laragon\www\ci4-short\system\View\View.php(213): CodeIgniter\View\View->CodeIgniter\View\{closure}()
#3 C:\laragon\www\ci4-short\system\Common.php(1089): CodeIgniter\View\View->render('dashboard', Array, true)
#4 C:\laragon\www\ci4-short\app\Controllers\Dashboard.php(20): view('dashboard', Array)
#5 C:\laragon\www\ci4-short\system\CodeIgniter.php(832): App\Controllers\Dashboard->index()
#6 C:\laragon\www\ci4-short\system\CodeIgniter.php(419): CodeIgniter\CodeIgniter->runController(Object(App\Controllers\Dashboard))
#7 C:\laragon\www\ci4-short\system\CodeIgniter.php(326): CodeIgniter\CodeIgniter->handleRequest(NULL, Object(Config\Cache), false)
#8 C:\laragon\www\ci4-short\public\index.php(37): CodeIgniter\CodeIgniter->run()
#9 C:\laragon\www\ci4-short\system\Commands\Server\rewrite.php(43): require_once('C:\\laragon\\www\\...')
#10 {main}
CRITICAL - 2022-05-07 14:17:52 --> Undefined variable: sh
#0 C:\laragon\www\ci4-short\app\Views\dashboard.php(29): CodeIgniter\Debug\Exceptions->errorHandler(8, 'Undefined varia...', 'C:\\laragon\\www\\...', 29, Array)
#1 C:\laragon\www\ci4-short\system\View\View.php(210): include('C:\\laragon\\www\\...')
#2 C:\laragon\www\ci4-short\system\View\View.php(213): CodeIgniter\View\View->CodeIgniter\View\{closure}()
#3 C:\laragon\www\ci4-short\system\Common.php(1089): CodeIgniter\View\View->render('dashboard', Array, true)
#4 C:\laragon\www\ci4-short\app\Controllers\Dashboard.php(20): view('dashboard', Array)
#5 C:\laragon\www\ci4-short\system\CodeIgniter.php(832): App\Controllers\Dashboard->index()
#6 C:\laragon\www\ci4-short\system\CodeIgniter.php(419): CodeIgniter\CodeIgniter->runController(Object(App\Controllers\Dashboard))
#7 C:\laragon\www\ci4-short\system\CodeIgniter.php(326): CodeIgniter\CodeIgniter->handleRequest(NULL, Object(Config\Cache), false)
#8 C:\laragon\www\ci4-short\public\index.php(37): CodeIgniter\CodeIgniter->run()
#9 C:\laragon\www\ci4-short\system\Commands\Server\rewrite.php(43): require_once('C:\\laragon\\www\\...')
#10 {main}
CRITICAL - 2022-05-07 14:18:50 --> syntax error, unexpected end of file
#0 C:\laragon\www\ci4-short\system\View\View.php(213): CodeIgniter\View\View->CodeIgniter\View\{closure}()
#1 C:\laragon\www\ci4-short\system\Common.php(1089): CodeIgniter\View\View->render('dashboard', Array, true)
#2 C:\laragon\www\ci4-short\app\Controllers\Dashboard.php(20): view('dashboard', Array)
#3 C:\laragon\www\ci4-short\system\CodeIgniter.php(832): App\Controllers\Dashboard->index()
#4 C:\laragon\www\ci4-short\system\CodeIgniter.php(419): CodeIgniter\CodeIgniter->runController(Object(App\Controllers\Dashboard))
#5 C:\laragon\www\ci4-short\system\CodeIgniter.php(326): CodeIgniter\CodeIgniter->handleRequest(NULL, Object(Config\Cache), false)
#6 C:\laragon\www\ci4-short\public\index.php(37): CodeIgniter\CodeIgniter->run()
#7 C:\laragon\www\ci4-short\system\Commands\Server\rewrite.php(43): require_once('C:\\laragon\\www\\...')
#8 {main}
CRITICAL - 2022-05-07 14:19:04 --> syntax error, unexpected end of file
#0 C:\laragon\www\ci4-short\system\View\View.php(213): CodeIgniter\View\View->CodeIgniter\View\{closure}()
#1 C:\laragon\www\ci4-short\system\Common.php(1089): CodeIgniter\View\View->render('dashboard', Array, true)
#2 C:\laragon\www\ci4-short\app\Controllers\Dashboard.php(20): view('dashboard', Array)
#3 C:\laragon\www\ci4-short\system\CodeIgniter.php(832): App\Controllers\Dashboard->index()
#4 C:\laragon\www\ci4-short\system\CodeIgniter.php(419): CodeIgniter\CodeIgniter->runController(Object(App\Controllers\Dashboard))
#5 C:\laragon\www\ci4-short\system\CodeIgniter.php(326): CodeIgniter\CodeIgniter->handleRequest(NULL, Object(Config\Cache), false)
#6 C:\laragon\www\ci4-short\public\index.php(37): CodeIgniter\CodeIgniter->run()
#7 C:\laragon\www\ci4-short\system\Commands\Server\rewrite.php(43): require_once('C:\\laragon\\www\\...')
#8 {main}
CRITICAL - 2022-05-07 14:57:20 --> Undefined variable: title
#0 C:\laragon\www\ci4-short\app\Views\template\base.php(11): CodeIgniter\Debug\Exceptions->errorHandler(8, 'Undefined varia...', 'C:\\laragon\\www\\...', 11, Array)
#1 C:\laragon\www\ci4-short\system\View\View.php(210): include('C:\\laragon\\www\\...')
#2 C:\laragon\www\ci4-short\system\View\View.php(213): CodeIgniter\View\View->CodeIgniter\View\{closure}()
#3 C:\laragon\www\ci4-short\system\View\View.php(226): CodeIgniter\View\View->render('template/base', Array, true)
#4 C:\laragon\www\ci4-short\system\Common.php(1089): CodeIgniter\View\View->render('register', Array, true)
#5 C:\laragon\www\ci4-short\app\Controllers\User.php(17): view('register', Array)
#6 C:\laragon\www\ci4-short\system\CodeIgniter.php(832): App\Controllers\User->register()
#7 C:\laragon\www\ci4-short\system\CodeIgniter.php(419): CodeIgniter\CodeIgniter->runController(Object(App\Controllers\User))
#8 C:\laragon\www\ci4-short\system\CodeIgniter.php(326): CodeIgniter\CodeIgniter->handleRequest(NULL, Object(Config\Cache), false)
#9 C:\laragon\www\ci4-short\public\index.php(37): CodeIgniter\CodeIgniter->run()
#10 C:\laragon\www\ci4-short\system\Commands\Server\rewrite.php(43): require_once('C:\\laragon\\www\\...')
#11 {main}
