CRITICAL - 2022-05-25 20:29:35 --> Deletes are not allowed unless they contain a "where" or "like" clause.
#0 C:\laragon\www\ci4-short\system\Model.php(359): CodeIgniter\Database\BaseBuilder->delete()
#1 C:\laragon\www\ci4-short\system\BaseModel.php(963): CodeIgniter\Model->doDelete(NULL, false)
#2 C:\laragon\www\ci4-short\app\Controllers\Short.php(120): CodeIgniter\BaseModel->delete()
#3 C:\laragon\www\ci4-short\system\CodeIgniter.php(832): App\Controllers\Short->delete()
#4 C:\laragon\www\ci4-short\system\CodeIgniter.php(419): CodeIgniter\CodeIgniter->runController(Object(App\Controllers\Short))
#5 C:\laragon\www\ci4-short\system\CodeIgniter.php(326): CodeIgniter\CodeIgniter->handleRequest(NULL, Object(Config\Cache), false)
#6 C:\laragon\www\ci4-short\public\index.php(37): CodeIgniter\CodeIgniter->run()
#7 C:\laragon\www\ci4-short\system\Commands\Server\rewrite.php(43): require_once('C:\\laragon\\www\\...')
#8 {main}
CRITICAL - 2022-05-25 20:30:46 --> Cannot use object of type App\Models\ShortModel as array
#0 C:\laragon\www\ci4-short\system\CodeIgniter.php(832): App\Controllers\Short->setter()
#1 C:\laragon\www\ci4-short\system\CodeIgniter.php(419): CodeIgniter\CodeIgniter->runController(Object(App\Controllers\Short))
#2 C:\laragon\www\ci4-short\system\CodeIgniter.php(326): CodeIgniter\CodeIgniter->handleRequest(NULL, Object(Config\Cache), false)
#3 C:\laragon\www\ci4-short\public\index.php(37): CodeIgniter\CodeIgniter->run()
#4 C:\laragon\www\ci4-short\system\Commands\Server\rewrite.php(43): require_once('C:\\laragon\\www\\...')
#5 {main}
CRITICAL - 2022-05-25 20:31:27 -->  route cannot be found while reverse-routing.
#0 C:\laragon\www\ci4-short\system\HTTP\RedirectResponse.php(56): CodeIgniter\HTTP\Exceptions\HTTPException::forInvalidRedirectRoute('')
#1 C:\laragon\www\ci4-short\system\Common.php(832): CodeIgniter\HTTP\RedirectResponse->route(false)
#2 C:\laragon\www\ci4-short\app\Controllers\Short.php(109): redirect('/dashboard')
#3 C:\laragon\www\ci4-short\system\CodeIgniter.php(832): App\Controllers\Short->setter()
#4 C:\laragon\www\ci4-short\system\CodeIgniter.php(419): CodeIgniter\CodeIgniter->runController(Object(App\Controllers\Short))
#5 C:\laragon\www\ci4-short\system\CodeIgniter.php(326): CodeIgniter\CodeIgniter->handleRequest(NULL, Object(Config\Cache), false)
#6 C:\laragon\www\ci4-short\public\index.php(37): CodeIgniter\CodeIgniter->run()
#7 C:\laragon\www\ci4-short\system\Commands\Server\rewrite.php(43): require_once('C:\\laragon\\www\\...')
#8 {main}
